[15:10:46] [main/WARN] (FabricLoader/Knot) Class path entries reference missing files: D:\fabric\rarity\build\resources\client - the game may not load properly!
[15:10:46] [main/INFO] (FabricLoader/GameProvider) Loading Minecraft 1.21.10 with Fabric Loader 0.18.1
[15:10:47] [main/INFO] (FabricLoader) Loading 53 mods:
	- fabric-api 0.138.3+1.21.10
	- fabric-api-base 1.0.0+14b92d896f
	- fabric-api-lookup-api-v1 1.6.106+d17682156f
	- fabric-biome-api-v1 16.1.0+c2417d4f6f
	- fabric-block-api-v1 1.1.5+d17682156f
	- fabric-block-view-api-v2 1.0.34+e4fd1b926f
	- fabric-client-gametest-api-v1 4.2.13+14b92d896f
	- fabric-command-api-v2 2.4.0+c0ab2d5d6f
	- fabric-content-registries-v0 10.2.6+b6a242646f
	- fabric-convention-tags-v1 2.1.49+7f945d5b6f
	- fabric-convention-tags-v2 2.17.0+ff7bc77d6f
	- fabric-crash-report-info-v1 0.3.18+33df5e6e6f
	- fabric-data-attachment-api-v1 1.8.33+cd3b9e596f
	- fabric-data-generation-api-v1 23.2.27+d8b85ef16f
	- fabric-dimensions-v1 4.0.22+38b9cc196f
	- fabric-entity-events-v1 2.1.13+fde3702c6f
	- fabric-events-interaction-v0 4.0.36+5ba217126f
	- fabric-game-rule-api-v1 1.1.1+e47eaae56f
	- fabric-gametest-api-v1 3.1.21+33df5e6e6f
	- fabric-item-api-v1 11.5.11+9bce411b6f
	- fabric-item-group-api-v1 4.2.27+86b3ae576f
	- fabric-key-binding-api-v1 1.1.1+b3ba9c486f
	- fabric-lifecycle-events-v1 2.6.9+33df5e6e6f
	- fabric-loot-api-v2 3.0.67+3f89f5a56f
	- fabric-loot-api-v3 2.0.14+d17682156f
	- fabric-message-api-v1 6.1.7+3154c1c86f
	- fabric-model-loading-api-v1 6.0.4+3ffd6ef06f
	- fabric-networking-api-v1 5.1.0+b095d8db6f
	- fabric-object-builder-api-v1 21.1.28+9bce411b6f
	- fabric-particles-v1 4.2.3+a0ee59a46f
	- fabric-recipe-api-v1 8.2.0+39709ef06f
	- fabric-registry-sync-v0 6.1.42+679c8c5c6f
	- fabric-renderer-api-v1 7.2.2+3706cdf36f
	- fabric-renderer-indigo 4.1.3+d7df91576f
	- fabric-rendering-fluids-v1 3.1.38+86b3ae576f
	- fabric-rendering-v1 16.2.0+bee81f016f
	- fabric-resource-conditions-api-v1 5.0.28+33df5e6e6f
	- fabric-resource-loader-v0 3.3.1+d4d4122a6f
	- fabric-resource-loader-v1 1.0.4+14959b836f
	- fabric-screen-api-v1 3.1.0+9c82a7986f
	- fabric-screen-handler-api-v1 1.3.151+d17682156f
	- fabric-serialization-api-v1 1.0.0+d857c9766f
	- fabric-sound-api-v1 1.0.45+328a75ba6f
	- fabric-tag-api-v1 1.2.13+2fa446b26f
	- fabric-transfer-api-v1 6.0.15+79ec2c126f
	- fabric-transitive-access-wideners-v1 6.5.3+41eb43436f
	- fabricloader 0.18.1
	- java 21
	- minecraft 1.21.10
	- mixinextras 0.5.0
	- modmenu 16.0.0-rc.1
	   \-- placeholder-api 2.8.0+1.21.9
	- rarity 1.0.0
[15:10:53] [main/INFO] (FabricLoader/Mixin) SpongePowered MIXIN Subsystem Version=0.8.7 Source=file:/C:/Users/Rasmu/.gradle/caches/modules-2/files-2.1/net.fabricmc/sponge-mixin/0.16.5+mixin.0.8.7/80fc3a9f592673cea87f4cd702f87991c6c9fe4d/sponge-mixin-0.16.5+mixin.0.8.7.jar Service=Knot/Fabric Env=CLIENT
[15:10:54] [main/INFO] (FabricLoader/Mixin) Loaded Fabric development mappings for mixin remapper!
[15:10:54] [main/INFO] (FabricLoader/Mixin) Compatibility level set to JAVA_21
[15:10:56] [main/INFO] (FabricLoader/MixinExtras|Service) Initializing MixinExtras via com.llamalad7.mixinextras.service.MixinExtrasServiceImpl(version=0.5.0).
[15:10:58] [Datafixer Bootstrap/INFO] (Minecraft) 278 Datafixer optimizations took 1048 milliseconds
[15:11:06] [Render thread/INFO] (Minecraft) Environment: Environment[sessionHost=https://sessionserver.mojang.com, servicesHost=https://api.minecraftservices.com, profilesHost=https://api.mojang.com, name=PROD]
[15:11:06] [Render thread/INFO] (Minecraft) Setting user: Player461
[15:11:07] [Render thread/INFO] (rarity) Loaded 12 rarities from rarities.json
[15:11:07] [Render thread/INFO] (rarity) Rarity mod initialized successfully!
[15:11:07] [Render thread/INFO] (Mod Menu/Update Checker) Checking mod updates...
[15:11:07] [Download-2/ERROR] (Minecraft) Failed to fetch user properties
com.mojang.authlib.exceptions.InvalidCredentialsException: Status: 401
	at knot/com.mojang.authlib.exceptions.MinecraftClientHttpException.toAuthenticationException(MinecraftClientHttpException.java:59) ~[authlib-7.0.61.jar:?]
	at knot/com.mojang.authlib.yggdrasil.YggdrasilUserApiService.fetchProperties(YggdrasilUserApiService.java:150) ~[authlib-7.0.61.jar:?]
	at knot/net.minecraft.client.MinecraftClient.method_55608(MinecraftClient.java:465) ~[minecraft-clientOnly-6227aad8ee-1.21.10-net.fabricmc.yarn.1_21_10.1.21.10+build.3-v2.jar:?]
	at java.base/java.util.concurrent.CompletableFuture$AsyncSupply.run(Unknown Source) ~[?:?]
	at java.base/java.util.concurrent.ThreadPoolExecutor.runWorker(Unknown Source) ~[?:?]
	at java.base/java.util.concurrent.ThreadPoolExecutor$Worker.run(Unknown Source) ~[?:?]
	at java.base/java.lang.Thread.run(Unknown Source) [?:?]
Caused by: com.mojang.authlib.exceptions.MinecraftClientHttpException: Status: 401
	at knot/com.mojang.authlib.minecraft.client.MinecraftClient.readInputStream(MinecraftClient.java:103) ~[authlib-7.0.61.jar:?]
	at knot/com.mojang.authlib.minecraft.client.MinecraftClient.get(MinecraftClient.java:56) ~[authlib-7.0.61.jar:?]
	at knot/com.mojang.authlib.yggdrasil.YggdrasilUserApiService.fetchProperties(YggdrasilUserApiService.java:121) ~[authlib-7.0.61.jar:?]
	... 5 more
[15:11:07] [Render thread/INFO] (Indigo) [Indigo] Registering Indigo renderer!
[15:11:08] [Render thread/INFO] (Minecraft) Backend library: LWJGL version 3.3.3-snapshot
[15:11:09] [Render thread/INFO] (Minecraft) Using optional rendering extensions: GL_ARB_buffer_storage, GL_KHR_debug, GL_ARB_vertex_attrib_binding, GL_ARB_direct_state_access
[15:11:10] [Render thread/INFO] (Minecraft) Reloading ResourceManager: vanilla, fabric, fabric-api, fabric-api-base, fabric-api-lookup-api-v1, fabric-biome-api-v1, fabric-block-api-v1, fabric-block-view-api-v2, fabric-client-gametest-api-v1, fabric-command-api-v2, fabric-content-registries-v0, fabric-convention-tags-v1, fabric-convention-tags-v2, fabric-crash-report-info-v1, fabric-data-attachment-api-v1, fabric-data-generation-api-v1, fabric-dimensions-v1, fabric-entity-events-v1, fabric-events-interaction-v0, fabric-game-rule-api-v1, fabric-gametest-api-v1, fabric-item-api-v1, fabric-item-group-api-v1, fabric-key-binding-api-v1, fabric-lifecycle-events-v1, fabric-loot-api-v2, fabric-loot-api-v3, fabric-message-api-v1, fabric-model-loading-api-v1, fabric-networking-api-v1, fabric-object-builder-api-v1, fabric-particles-v1, fabric-recipe-api-v1, fabric-registry-sync-v0, fabric-renderer-api-v1, fabric-renderer-indigo, fabric-rendering-fluids-v1, fabric-rendering-v1, fabric-resource-conditions-api-v1, fabric-resource-loader-v0, fabric-resource-loader-v1, fabric-screen-api-v1, fabric-screen-handler-api-v1, fabric-serialization-api-v1, fabric-sound-api-v1, fabric-tag-api-v1, fabric-transfer-api-v1, fabric-transitive-access-wideners-v1, fabricloader, modmenu, placeholder-api, rarity
[15:11:10] [Download-2/INFO] (Minecraft) Could not authorize you against Realms server: java.lang.RuntimeException: Failed to parse into SignedJWT: FabricMC
[15:11:10] [Download-2/ERROR] (Minecraft) Failed to fetch Realms feature flags
net.minecraft.client.realms.exception.RealmsServiceException: Realms authentication error with message 'java.lang.RuntimeException: Failed to parse into SignedJWT: FabricMC'
	at knot/net.minecraft.client.realms.RealmsClient.execute(RealmsClient.java:536) ~[minecraft-clientOnly-6227aad8ee-1.21.10-net.fabricmc.yarn.1_21_10.1.21.10+build.3-v2.jar:?]
	at knot/net.minecraft.client.realms.RealmsClient.fetchFeatureFlags(RealmsClient.java:189) ~[minecraft-clientOnly-6227aad8ee-1.21.10-net.fabricmc.yarn.1_21_10.1.21.10+build.3-v2.jar:?]
	at java.base/java.util.concurrent.CompletableFuture$AsyncSupply.run(Unknown Source) ~[?:?]
	at java.base/java.util.concurrent.ThreadPoolExecutor.runWorker(Unknown Source) ~[?:?]
	at java.base/java.util.concurrent.ThreadPoolExecutor$Worker.run(Unknown Source) ~[?:?]
	at java.base/java.lang.Thread.run(Unknown Source) [?:?]
[15:11:10] [Worker-Main-1/INFO] (Minecraft) Found unifont_all_no_pua-16.0.03.hex, loading
[15:11:10] [Worker-Main-3/INFO] (Minecraft) Found unifont_pua-16.0.03.hex, loading
[15:11:11] [Worker-Main-1/INFO] (Minecraft) Found unifont_jp_patch-16.0.03.hex, loading
[15:11:13] [Render thread/INFO] (Minecraft) OpenAL initialized on device OpenAL Soft on Højttalere (Logitech G35 Headset)
[15:11:13] [Render thread/INFO] (Minecraft) Sound engine started
[15:11:13] [Render thread/INFO] (Minecraft) Created: 512x256x0 minecraft:textures/atlas/particles.png-atlas
[15:11:13] [Render thread/INFO] (Minecraft) Created: 128x64x0 minecraft:textures/atlas/decorated_pot.png-atlas
[15:11:13] [Render thread/INFO] (Minecraft) Created: 2048x1024x0 minecraft:textures/atlas/armor_trims.png-atlas
[15:11:13] [Render thread/INFO] (Minecraft) Created: 512x256x0 minecraft:textures/atlas/paintings.png-atlas
[15:11:13] [Render thread/INFO] (Minecraft) Created: 512x512x0 minecraft:textures/atlas/shield_patterns.png-atlas
[15:11:13] [Render thread/INFO] (Minecraft) Created: 1024x512x4 minecraft:textures/atlas/blocks.png-atlas
[15:11:13] [Render thread/INFO] (Minecraft) Created: 512x256x0 minecraft:textures/atlas/chest.png-atlas
[15:11:13] [Render thread/INFO] (Minecraft) Created: 512x512x0 minecraft:textures/atlas/banner_patterns.png-atlas
[15:11:13] [Render thread/INFO] (Minecraft) Created: 512x256x0 minecraft:textures/atlas/beds.png-atlas
[15:11:13] [Render thread/INFO] (Minecraft) Created: 1024x512x0 minecraft:textures/atlas/gui.png-atlas
[15:11:13] [Render thread/INFO] (Minecraft) Created: 64x64x0 minecraft:textures/atlas/map_decorations.png-atlas
[15:11:13] [Render thread/INFO] (Minecraft) Created: 256x256x0 minecraft:textures/atlas/signs.png-atlas
[15:11:13] [Render thread/INFO] (Minecraft) Created: 512x256x0 minecraft:textures/atlas/shulker_boxes.png-atlas
[15:11:14] [IO-Worker-1/INFO] (Minecraft) Could not authorize you against Realms server: java.lang.RuntimeException: Failed to parse into SignedJWT: FabricMC
[15:11:14] [IO-Worker-1/ERROR] (Minecraft) Couldn't connect to realms
net.minecraft.client.realms.exception.RealmsServiceException: Realms authentication error with message 'java.lang.RuntimeException: Failed to parse into SignedJWT: FabricMC'
	at knot/net.minecraft.client.realms.RealmsClient.execute(RealmsClient.java:536) ~[minecraft-clientOnly-6227aad8ee-1.21.10-net.fabricmc.yarn.1_21_10.1.21.10+build.3-v2.jar:?]
	at knot/net.minecraft.client.realms.RealmsClient.clientCompatible(RealmsClient.java:316) ~[minecraft-clientOnly-6227aad8ee-1.21.10-net.fabricmc.yarn.1_21_10.1.21.10+build.3-v2.jar:?]
	at knot/net.minecraft.client.realms.RealmsAvailability.method_52627(RealmsAvailability.java:49) ~[minecraft-clientOnly-6227aad8ee-1.21.10-net.fabricmc.yarn.1_21_10.1.21.10+build.3-v2.jar:?]
	at java.base/java.util.concurrent.CompletableFuture$AsyncSupply.run(Unknown Source) ~[?:?]
	at java.base/java.util.concurrent.ThreadPoolExecutor.runWorker(Unknown Source) ~[?:?]
	at java.base/java.util.concurrent.ThreadPoolExecutor$Worker.run(Unknown Source) ~[?:?]
	at java.base/java.lang.Thread.run(Unknown Source) [?:?]
[15:11:30] [Render thread/INFO] (Minecraft) Loaded 1461 recipes
[15:11:30] [Render thread/INFO] (Minecraft) Loaded 1574 advancements
[15:11:30] [Render thread/INFO] (BiomeModificationImpl) Applied 0 biome modifications to 0 of 65 new biomes in 1.963 ms
[15:11:30] [Server thread/INFO] (Minecraft) Starting integrated minecraft server version 1.21.10
[15:11:30] [Server thread/INFO] (Minecraft) Generating keypair
[15:11:31] [Server thread/INFO] (Minecraft) Loading 0 persistent chunks...
[15:11:31] [Server thread/INFO] (Minecraft) Preparing spawn area: 16%
[15:11:32] [Server thread/INFO] (Minecraft) Loading 49 chunks for player spawn...
[15:11:32] [Server thread/INFO] (Minecraft) Preparing spawn area: 16%
[15:11:32] [Server thread/INFO] (Minecraft) Preparing spawn area: 16%
[15:11:32] [Server thread/INFO] (Minecraft) Preparing spawn area: 16%
[15:11:33] [Server thread/INFO] (Minecraft) Preparing spawn area: 16%
[15:11:33] [Server thread/INFO] (Minecraft) Preparing spawn area: 16%
[15:11:34] [Server thread/INFO] (Minecraft) Preparing spawn area: 16%
[15:11:34] [Server thread/INFO] (Minecraft) Time elapsed: 3148 ms
[15:11:34] [Server thread/INFO] (Minecraft) Player461[local:E:26a1c11b] logged in with entity id 29 at (-43.08421016830638, 88.0, 31.737563607043807)
[15:11:34] [Server thread/INFO] (Minecraft) Player461 joined the game
[15:11:34] [Server thread/INFO] (Minecraft) Player461 has made the advancement [Isn't It Iron Pick]
[15:11:34] [Server thread/INFO] (Minecraft) Player461 has made the advancement [Acquire Hardware]
[15:11:34] [Render thread/INFO] (Minecraft) [System] [CHAT] Player461 has made the advancement [Isn't It Iron Pick]
[15:11:34] [Server thread/INFO] (Minecraft) Changing view distance to 12, from 10
[15:11:34] [Server thread/INFO] (Minecraft) Changing simulation distance to 12, from 0
[15:11:34] [Render thread/INFO] (Minecraft) [System] [CHAT] Player461 has made the advancement [Acquire Hardware]
[15:11:34] [Render thread/INFO] (Minecraft) Loaded 48 advancements
[15:11:35] [Render thread/INFO] (Minecraft) Resizing Dynamic Transforms UBO, capacity limit of 2 reached during a single frame. New capacity will be 4.
[15:11:35] [Render thread/INFO] (Minecraft) Resizing Dynamic Transforms UBO, capacity limit of 4 reached during a single frame. New capacity will be 8.
[15:11:35] [Render thread/INFO] (Minecraft) Resizing Dynamic Transforms UBO, capacity limit of 8 reached during a single frame. New capacity will be 16.
[15:11:36] [Render thread/INFO] (Minecraft) Resizing Dynamic Transforms UBO, capacity limit of 16 reached during a single frame. New capacity will be 32.
[15:11:36] [Render thread/WARN] (Minecraft) Missing resource rarity:textures/gui/frames/owner.png referenced from rarity:textures/gui/frames/owner.png
[15:11:36] [Render thread/WARN] (Minecraft) Missing resource rarity:textures/gui/icons/owner.png referenced from rarity:textures/gui/icons/owner.png
[15:11:37] [Render thread/INFO] (Minecraft) Resizing Dynamic Transforms UBO, capacity limit of 32 reached during a single frame. New capacity will be 64.
[15:11:39] [Render thread/INFO] (Minecraft) Resizing Dynamic Transforms UBO, capacity limit of 64 reached during a single frame. New capacity will be 128.
[15:11:40] [Render thread/INFO] (Minecraft) Resizing Dynamic Transforms UBO, capacity limit of 128 reached during a single frame. New capacity will be 256.
[15:11:40] [Render thread/INFO] (Minecraft) Resizing Dynamic Transforms UBO, capacity limit of 256 reached during a single frame. New capacity will be 512.
[15:11:41] [Render thread/INFO] (Minecraft) Resizing Dynamic Transforms UBO, capacity limit of 512 reached during a single frame. New capacity will be 1024.
[15:11:48] [Server thread/INFO] (Minecraft) [Player461: 
§6=== Rarity Command Help ===]
[15:11:48] [Render thread/INFO] (Minecraft) [System] [CHAT] \n§6=== Rarity Command Help ===
[15:11:48] [Render thread/INFO] (Minecraft) [System] [CHAT] §a/rarity list§f - List all rarities
[15:11:48] [Render thread/INFO] (Minecraft) [System] [CHAT] §a/rarity list <rarity>§f - Get rarity details
[15:11:48] [Render thread/INFO] (Minecraft) [System] [CHAT] §a/rarity info <rarity>§f - Show rarity info
[15:11:48] [Render thread/INFO] (Minecraft) [System] [CHAT] §a/rarity check§f - Check held item
[15:11:48] [Render thread/INFO] (Minecraft) [System] [CHAT] §a/rarity give <rarity> <item>§f - Give to self
[15:11:48] [Render thread/INFO] (Minecraft) [System] [CHAT] §a/rarity give <rarity> <item> <player>§f - Give to player
[15:11:48] [Render thread/INFO] (Minecraft) [System] [CHAT] §a/rarity remove§f - Remove main hand rarity
[15:11:48] [Render thread/INFO] (Minecraft) [System] [CHAT] §a/rarity remove all§f - Remove all rarities
[15:11:48] [Render thread/INFO] (Minecraft) [System] [CHAT] §a/rarity stats§f - Show all stats
[15:11:48] [Render thread/INFO] (Minecraft) [System] [CHAT] §a/rarity reload§f - Reload config (OP)
[15:12:01] [Render thread/INFO] (Minecraft) [System] [CHAT] §a✦ Held item: §6owner
[15:12:08] [Render thread/INFO] (Minecraft) [System] [CHAT] Unknown or incomplete command. See below for error
[15:12:08] [Render thread/INFO] (Minecraft) [System] [CHAT] ...arity info<--[HERE]
[15:12:13] [Render thread/INFO] (Minecraft) [System] [CHAT] §6=== common ===
[15:12:13] [Render thread/INFO] (Minecraft) [System] [CHAT] §fName: §aCommon
[15:12:13] [Render thread/INFO] (Minecraft) [System] [CHAT] §fColor: §a#969696
[15:12:22] [Render thread/INFO] (Minecraft) [System] [CHAT] §6Loaded rarities (§a12§6):
[15:12:22] [Render thread/INFO] (Minecraft) [System] [CHAT]   §a◆ §fcelestial
[15:12:22] [Render thread/INFO] (Minecraft) [System] [CHAT]   §a◆ §frare
[15:12:22] [Render thread/INFO] (Minecraft) [System] [CHAT]   §a◆ §ftranscendent
[15:12:22] [Render thread/INFO] (Minecraft) [System] [CHAT]   §a◆ §flegendary
[15:12:22] [Render thread/INFO] (Minecraft) [System] [CHAT]   §a◆ §fepic
[15:12:22] [Render thread/INFO] (Minecraft) [System] [CHAT]   §a◆ §fdivine
[15:12:22] [Render thread/INFO] (Minecraft) [System] [CHAT]   §a◆ §fancient
[15:12:22] [Render thread/INFO] (Minecraft) [System] [CHAT]   §a◆ §ftrash
[15:12:22] [Render thread/INFO] (Minecraft) [System] [CHAT]   §a◆ §fmythic
[15:12:22] [Render thread/INFO] (Minecraft) [System] [CHAT]   §a◆ §fowner
[15:12:22] [Render thread/INFO] (Minecraft) [System] [CHAT]   §a◆ §funcommon
[15:12:22] [Render thread/INFO] (Minecraft) [System] [CHAT]   §a◆ §fcommon
[15:12:27] [Render thread/INFO] (Minecraft) [System] [CHAT] §6=== Rarity Stats ===
[15:12:27] [Render thread/INFO] (Minecraft) [System] [CHAT] §acelestial§f: 5% boost
[15:12:27] [Render thread/INFO] (Minecraft) [System] [CHAT] §arare§f: 5% boost
[15:12:27] [Render thread/INFO] (Minecraft) [System] [CHAT] §atranscendent§f: 5% boost
[15:12:27] [Render thread/INFO] (Minecraft) [System] [CHAT] §alegendary§f: 5% boost
[15:12:27] [Render thread/INFO] (Minecraft) [System] [CHAT] §aepic§f: 5% boost
[15:12:27] [Render thread/INFO] (Minecraft) [System] [CHAT] §adivine§f: 5% boost
[15:12:27] [Render thread/INFO] (Minecraft) [System] [CHAT] §aancient§f: 5% boost
[15:12:27] [Render thread/INFO] (Minecraft) [System] [CHAT] §atrash§f: 5% boost
[15:12:27] [Render thread/INFO] (Minecraft) [System] [CHAT] §amythic§f: 5% boost
[15:12:27] [Render thread/INFO] (Minecraft) [System] [CHAT] §aowner§f: 5% boost
[15:12:27] [Render thread/INFO] (Minecraft) [System] [CHAT] §auncommon§f: 5% boost
[15:12:27] [Render thread/INFO] (Minecraft) [System] [CHAT] §acommon§f: 5% boost
[15:12:44] [Render thread/INFO] (Minecraft) [System] [CHAT] §e/rarity reload is not implemented yet. Use /reload to reload data packs if needed.
[15:12:54] [Server thread/INFO] (Minecraft) [Player461: 
§6=== Rarity Command Help ===]
[15:12:54] [Render thread/INFO] (Minecraft) [System] [CHAT] \n§6=== Rarity Command Help ===
[15:12:54] [Render thread/INFO] (Minecraft) [System] [CHAT] §a/rarity list§f - List all rarities
[15:12:54] [Render thread/INFO] (Minecraft) [System] [CHAT] §a/rarity list <rarity>§f - Get rarity details
[15:12:54] [Render thread/INFO] (Minecraft) [System] [CHAT] §a/rarity info <rarity>§f - Show rarity info
[15:12:54] [Render thread/INFO] (Minecraft) [System] [CHAT] §a/rarity check§f - Check held item
[15:12:54] [Render thread/INFO] (Minecraft) [System] [CHAT] §a/rarity give <rarity> <item>§f - Give to self
[15:12:54] [Render thread/INFO] (Minecraft) [System] [CHAT] §a/rarity give <rarity> <item> <player>§f - Give to player
[15:12:54] [Render thread/INFO] (Minecraft) [System] [CHAT] §a/rarity remove§f - Remove main hand rarity
[15:12:54] [Render thread/INFO] (Minecraft) [System] [CHAT] §a/rarity remove all§f - Remove all rarities
[15:12:54] [Render thread/INFO] (Minecraft) [System] [CHAT] §a/rarity stats§f - Show all stats
[15:12:54] [Render thread/INFO] (Minecraft) [System] [CHAT] §a/rarity reload§f - Reload config (OP)
[15:13:13] [Render thread/INFO] (Minecraft) Loaded 49 advancements
[15:13:16] [Server thread/INFO] (Minecraft) Saving and pausing game...
[15:13:16] [Server thread/INFO] (Minecraft) Saving chunks for level 'ServerLevel[New World]'/minecraft:overworld
[15:13:16] [Server thread/INFO] (Minecraft) Saving chunks for level 'ServerLevel[New World]'/minecraft:the_nether
[15:13:16] [Server thread/INFO] (Minecraft) Saving chunks for level 'ServerLevel[New World]'/minecraft:the_end
[15:13:32] [Server thread/INFO] (Minecraft) Player461 lost connection: Disconnected
[15:13:32] [Server thread/INFO] (Minecraft) Player461 left the game
[15:13:32] [Server thread/INFO] (Minecraft) Stopping singleplayer server as player logged out
[15:13:32] [Server thread/INFO] (Minecraft) Stopping server
[15:13:32] [Server thread/INFO] (Minecraft) Saving players
[15:13:32] [Server thread/INFO] (Minecraft) Saving worlds
[15:13:33] [Server thread/INFO] (Minecraft) Saving chunks for level 'ServerLevel[New World]'/minecraft:overworld
[15:13:33] [Server thread/INFO] (Minecraft) Saving chunks for level 'ServerLevel[New World]'/minecraft:the_nether
[15:13:33] [Server thread/INFO] (Minecraft) Saving chunks for level 'ServerLevel[New World]'/minecraft:the_end
[15:13:33] [Server thread/INFO] (Minecraft) ThreadedAnvilChunkStorage (New World): All chunks are saved
[15:13:33] [Server thread/INFO] (Minecraft) ThreadedAnvilChunkStorage (DIM-1): All chunks are saved
[15:13:33] [Server thread/INFO] (Minecraft) ThreadedAnvilChunkStorage (DIM1): All chunks are saved
[15:13:33] [Server thread/INFO] (Minecraft) ThreadedAnvilChunkStorage: All dimensions are saved
[15:13:37] [Render thread/INFO] (Minecraft) Stopping!
